2024-04-02 16:27:42 - [INFO] - Entering filter_exchanges_and_tokens in MasterCaller.py
2024-04-02 16:27:42 - [INFO] - Exiting filter_exchanges_and_tokens in MasterCaller.py
2024-04-02 16:27:42 - [INFO] - Entering __init__ in SynthetixPositionController.py
2024-04-02 16:27:45 - [INFO] - Exiting __init__ in SynthetixPositionController.py
2024-04-02 16:27:45 - [INFO] - Entering __init__ in BinancePositionController.py
2024-04-02 16:27:45 - [INFO] - Exiting __init__ in BinancePositionController.py
2024-04-02 16:27:45 - [INFO] - Entering __init__ in SynthetixPositionController.py
2024-04-02 16:27:47 - [INFO] - Exiting __init__ in SynthetixPositionController.py
2024-04-02 16:27:47 - [INFO] - Entering __init__ in BinancePositionController.py
2024-04-02 16:27:47 - [INFO] - Exiting __init__ in BinancePositionController.py
2024-04-02 16:27:47 - [INFO] - Entering subscribe_to_events in MasterPositionController.py
2024-04-02 16:27:47 - [INFO] - Exiting subscribe_to_events in MasterPositionController.py
2024-04-02 16:27:50 - [INFO] - Entering create_or_access_database in TradeDatabase.py
2024-04-02 16:27:50 - [INFO] - Exiting create_or_access_database in TradeDatabase.py
2024-04-02 16:27:50 - [INFO] - Entering start_search in main_class.py
2024-04-02 16:27:50 - [INFO] - Entering search_for_opportunities in main_class.py
2024-04-02 16:27:50 - [INFO] - Entering get_funding_rates in MasterCaller.py
2024-04-02 16:27:50 - [INFO] - Entering get_funding_rates in SynthetixCaller.py
2024-04-02 16:27:50 - [INFO] - Entering _filter_market_data in SynthetixCaller.py
2024-04-02 16:27:50 - [INFO] - Exiting _filter_market_data in SynthetixCaller.py
2024-04-02 16:27:50 - [INFO] - Exiting get_funding_rates in SynthetixCaller.py
2024-04-02 16:27:50 - [INFO] - Entering get_funding_rates in binanceCaller.py
2024-04-02 16:27:50 - [INFO] - Entering _fetch_funding_rate_for_symbol in binanceCaller.py
2024-04-02 16:27:51 - [INFO] - Exiting _fetch_funding_rate_for_symbol in binanceCaller.py
2024-04-02 16:27:51 - [INFO] - Entering _parse_funding_rate_data in binanceCaller.py
2024-04-02 16:27:51 - [INFO] - Exiting _parse_funding_rate_data in binanceCaller.py
2024-04-02 16:27:51 - [INFO] - Entering _fetch_funding_rate_for_symbol in binanceCaller.py
2024-04-02 16:27:52 - [INFO] - Exiting _fetch_funding_rate_for_symbol in binanceCaller.py
2024-04-02 16:27:52 - [INFO] - Entering _parse_funding_rate_data in binanceCaller.py
2024-04-02 16:27:52 - [INFO] - Exiting _parse_funding_rate_data in binanceCaller.py
2024-04-02 16:27:52 - [INFO] - Exiting get_funding_rates in binanceCaller.py
2024-04-02 16:27:52 - [INFO] - Exiting get_funding_rates in MasterCaller.py
2024-04-02 16:27:52 - [INFO] - Entering find_delta_neutral_arbitrage_opportunities in MatchingEngine.py
2024-04-02 16:27:52 - [INFO] - Entering normalize_symbol in globalUtils.py
2024-04-02 16:27:52 - [INFO] - Exiting normalize_symbol in globalUtils.py
2024-04-02 16:27:52 - [INFO] - Entering normalize_symbol in globalUtils.py
2024-04-02 16:27:52 - [INFO] - Exiting normalize_symbol in globalUtils.py
2024-04-02 16:27:52 - [INFO] - Entering normalize_symbol in globalUtils.py
2024-04-02 16:27:52 - [INFO] - Exiting normalize_symbol in globalUtils.py
2024-04-02 16:27:52 - [INFO] - Entering normalize_symbol in globalUtils.py
2024-04-02 16:27:52 - [INFO] - Exiting normalize_symbol in globalUtils.py
2024-04-02 16:27:52 - [INFO] - Entering find_arbitrage_opportunities_for_symbol in MatchingEngine.py
2024-04-02 16:27:52 - [INFO] - Entering normalize_symbol in globalUtils.py
2024-04-02 16:27:52 - [INFO] - Exiting normalize_symbol in globalUtils.py
2024-04-02 16:27:52 - [INFO] - Exiting find_arbitrage_opportunities_for_symbol in MatchingEngine.py
2024-04-02 16:27:52 - [INFO] - Entering find_arbitrage_opportunities_for_symbol in MatchingEngine.py
2024-04-02 16:27:52 - [INFO] - Entering normalize_symbol in globalUtils.py
2024-04-02 16:27:52 - [INFO] - Exiting normalize_symbol in globalUtils.py
2024-04-02 16:27:52 - [INFO] - Exiting find_arbitrage_opportunities_for_symbol in MatchingEngine.py
2024-04-02 16:27:52 - [INFO] - Exiting find_delta_neutral_arbitrage_opportunities in MatchingEngine.py
2024-04-02 16:27:52 - [INFO] - Entering find_most_profitable_opportunity in checkProfitability.py
2024-04-02 16:27:52 - [INFO] - Exiting find_most_profitable_opportunity in checkProfitability.py
2024-04-02 16:27:52 - [INFO] - Entering execute_trades in MasterPositionController.py
2024-04-02 16:27:52 - [INFO] - Entering is_already_position_open in MasterPositionController.py
2024-04-02 16:27:53 - [INFO] - Exiting is_already_position_open in MasterPositionController.py
2024-04-02 16:27:53 - [INFO] - Entering get_trade_size in MasterPositionController.py
2024-04-02 16:27:53 - [INFO] - Entering get_available_collateral_by_exchange in MasterPositionController.py
2024-04-02 16:27:54 - [INFO] - Exiting get_available_collateral_by_exchange in MasterPositionController.py
2024-04-02 16:27:54 - [INFO] - Exiting get_trade_size in MasterPositionController.py
2024-04-02 16:27:54 - [INFO] - Entering execute_trade in BinancePositionController.py
2024-04-02 16:27:54 - [INFO] - Entering get_full_asset_name in globalUtils.py
2024-04-02 16:27:54 - [INFO] - Exiting get_full_asset_name in globalUtils.py
2024-04-02 16:27:54 - [INFO] - Entering get_asset_amount_for_given_dollar_amount in globalUtils.py
2024-04-02 16:27:54 - [INFO] - Entering get_asset_price in globalUtils.py
2024-04-02 16:27:54 - [INFO] - Exiting get_asset_price in globalUtils.py
2024-04-02 16:27:54 - [INFO] - Exiting get_asset_amount_for_given_dollar_amount in globalUtils.py
2024-04-02 16:27:54 - [INFO] - Entering adjust_trade_size_for_direction in globalUtils.py
2024-04-02 16:27:54 - [INFO] - Exiting adjust_trade_size_for_direction in globalUtils.py
2024-04-02 16:27:58 - [INFO] - Exiting execute_trade in BinancePositionController.py
2024-04-02 16:27:58 - [INFO] - Entering execute_trade in SynthetixPositionController.py
2024-04-02 16:27:58 - [INFO] - Entering get_full_asset_name in globalUtils.py
2024-04-02 16:27:58 - [INFO] - Exiting get_full_asset_name in globalUtils.py
2024-04-02 16:27:58 - [INFO] - Entering get_asset_amount_for_given_dollar_amount in globalUtils.py
2024-04-02 16:27:58 - [INFO] - Entering get_asset_price in globalUtils.py
2024-04-02 16:27:59 - [INFO] - Exiting get_asset_price in globalUtils.py
2024-04-02 16:27:59 - [INFO] - Exiting get_asset_amount_for_given_dollar_amount in globalUtils.py
2024-04-02 16:27:59 - [INFO] - Entering adjust_trade_size_for_direction in globalUtils.py
2024-04-02 16:27:59 - [INFO] - Exiting adjust_trade_size_for_direction in globalUtils.py
2024-04-02 16:28:00 - [INFO] - Entering is_transaction_hash in SynthetixPositionControllerUtils.py
2024-04-02 16:28:00 - [INFO] - Exiting is_transaction_hash in SynthetixPositionControllerUtils.py
2024-04-02 16:28:16 - [INFO] - Entering parse_trade_data_from_position_details in SynthetixPositionControllerUtils.py
2024-04-02 16:28:16 - [INFO] - Entering get_side in SynthetixPositionControllerUtils.py
2024-04-02 16:28:16 - [INFO] - Exiting get_side in SynthetixPositionControllerUtils.py
2024-04-02 16:28:16 - [INFO] - Entering get_full_asset_name in globalUtils.py
2024-04-02 16:28:16 - [INFO] - Exiting get_full_asset_name in globalUtils.py
2024-04-02 16:28:16 - [INFO] - Entering get_asset_price in globalUtils.py
2024-04-02 16:28:16 - [INFO] - Exiting get_asset_price in globalUtils.py
2024-04-02 16:28:16 - [INFO] - Entering calculate_liquidation_price in SynthetixPositionControllerUtils.py
2024-04-02 16:28:16 - [INFO] - Exiting calculate_liquidation_price in SynthetixPositionControllerUtils.py
2024-04-02 16:28:16 - [INFO] - Exiting parse_trade_data_from_position_details in SynthetixPositionControllerUtils.py
2024-04-02 16:28:16 - [INFO] - Exiting execute_trade in SynthetixPositionController.py
2024-04-02 16:28:16 - [INFO] - Entering log_trade_pair in TradeDatabase.py
2024-04-02 16:28:16 - [INFO] - Entering log_open_trade in TradeDatabase.py
2024-04-02 16:28:16 - [INFO] - Exiting log_open_trade in TradeDatabase.py
2024-04-02 16:28:16 - [INFO] - Entering log_open_trade in TradeDatabase.py
2024-04-02 16:28:16 - [INFO] - Exiting log_open_trade in TradeDatabase.py
2024-04-02 16:28:16 - [INFO] - Entering on_position_opened in MasterPositionMonitor.py
2024-04-02 16:29:12 - [INFO] - Entering __init__ in SynthetixPositionController.py
2024-04-02 16:29:15 - [INFO] - Exiting __init__ in SynthetixPositionController.py
2024-04-02 16:29:15 - [INFO] - Entering __init__ in BinancePositionController.py
2024-04-02 16:29:15 - [INFO] - Exiting __init__ in BinancePositionController.py
2024-04-02 16:29:15 - [INFO] - Entering close_all_positions in MasterPositionController.py
2024-04-02 16:29:16 - [INFO] - Entering is_transaction_hash in SynthetixPositionControllerUtils.py
2024-04-02 16:29:16 - [INFO] - Exiting is_transaction_hash in SynthetixPositionControllerUtils.py
2024-04-02 16:29:21 - [INFO] - Exiting close_all_positions in MasterPositionController.py
2024-04-02 16:39:18 - [INFO] - Entering filter_exchanges_and_tokens in MasterCaller.py
2024-04-02 16:39:18 - [INFO] - Exiting filter_exchanges_and_tokens in MasterCaller.py
2024-04-02 16:39:18 - [INFO] - Entering __init__ in SynthetixPositionController.py
2024-04-02 16:39:20 - [INFO] - Exiting __init__ in SynthetixPositionController.py
2024-04-02 16:39:20 - [INFO] - Entering __init__ in BinancePositionController.py
2024-04-02 16:39:20 - [INFO] - Exiting __init__ in BinancePositionController.py
2024-04-02 16:39:20 - [INFO] - Entering __init__ in SynthetixPositionController.py
2024-04-02 16:39:22 - [INFO] - Exiting __init__ in SynthetixPositionController.py
2024-04-02 16:39:22 - [INFO] - Entering __init__ in BinancePositionController.py
2024-04-02 16:39:22 - [INFO] - Exiting __init__ in BinancePositionController.py
2024-04-02 16:39:22 - [INFO] - Entering subscribe_to_events in MasterPositionController.py
2024-04-02 16:39:22 - [INFO] - Exiting subscribe_to_events in MasterPositionController.py
2024-04-02 16:39:25 - [INFO] - Entering create_or_access_database in TradeDatabase.py
2024-04-02 16:39:25 - [INFO] - Exiting create_or_access_database in TradeDatabase.py
2024-04-02 16:39:25 - [INFO] - Entering start_search in main_class.py
2024-04-02 16:39:25 - [INFO] - Entering search_for_opportunities in main_class.py
2024-04-02 16:39:25 - [INFO] - Entering get_funding_rates in MasterCaller.py
2024-04-02 16:39:25 - [INFO] - Entering get_funding_rates in SynthetixCaller.py
2024-04-02 16:39:25 - [INFO] - Entering _filter_market_data in SynthetixCaller.py
2024-04-02 16:39:25 - [INFO] - Exiting _filter_market_data in SynthetixCaller.py
2024-04-02 16:39:25 - [INFO] - Exiting get_funding_rates in SynthetixCaller.py
2024-04-02 16:39:25 - [INFO] - Entering get_funding_rates in binanceCaller.py
2024-04-02 16:39:25 - [INFO] - Entering _fetch_funding_rate_for_symbol in binanceCaller.py
2024-04-02 16:39:26 - [INFO] - Exiting _fetch_funding_rate_for_symbol in binanceCaller.py
2024-04-02 16:39:26 - [INFO] - Entering _parse_funding_rate_data in binanceCaller.py
2024-04-02 16:39:26 - [INFO] - Exiting _parse_funding_rate_data in binanceCaller.py
2024-04-02 16:39:26 - [INFO] - Entering _fetch_funding_rate_for_symbol in binanceCaller.py
2024-04-02 16:39:27 - [INFO] - Exiting _fetch_funding_rate_for_symbol in binanceCaller.py
2024-04-02 16:39:27 - [INFO] - Entering _parse_funding_rate_data in binanceCaller.py
2024-04-02 16:39:27 - [INFO] - Exiting _parse_funding_rate_data in binanceCaller.py
2024-04-02 16:39:27 - [INFO] - Exiting get_funding_rates in binanceCaller.py
2024-04-02 16:39:27 - [INFO] - Exiting get_funding_rates in MasterCaller.py
2024-04-02 16:39:27 - [INFO] - Entering find_delta_neutral_arbitrage_opportunities in MatchingEngine.py
2024-04-02 16:39:27 - [INFO] - Entering normalize_symbol in globalUtils.py
2024-04-02 16:39:27 - [INFO] - Exiting normalize_symbol in globalUtils.py
2024-04-02 16:39:27 - [INFO] - Entering normalize_symbol in globalUtils.py
2024-04-02 16:39:27 - [INFO] - Exiting normalize_symbol in globalUtils.py
2024-04-02 16:39:27 - [INFO] - Entering normalize_symbol in globalUtils.py
2024-04-02 16:39:27 - [INFO] - Exiting normalize_symbol in globalUtils.py
2024-04-02 16:39:27 - [INFO] - Entering normalize_symbol in globalUtils.py
2024-04-02 16:39:27 - [INFO] - Exiting normalize_symbol in globalUtils.py
2024-04-02 16:39:27 - [INFO] - Entering find_arbitrage_opportunities_for_symbol in MatchingEngine.py
2024-04-02 16:39:27 - [INFO] - Entering normalize_symbol in globalUtils.py
2024-04-02 16:39:27 - [INFO] - Exiting normalize_symbol in globalUtils.py
2024-04-02 16:39:27 - [INFO] - Exiting find_arbitrage_opportunities_for_symbol in MatchingEngine.py
2024-04-02 16:39:27 - [INFO] - Entering find_arbitrage_opportunities_for_symbol in MatchingEngine.py
2024-04-02 16:39:27 - [INFO] - Entering normalize_symbol in globalUtils.py
2024-04-02 16:39:27 - [INFO] - Exiting normalize_symbol in globalUtils.py
2024-04-02 16:39:27 - [INFO] - Exiting find_arbitrage_opportunities_for_symbol in MatchingEngine.py
2024-04-02 16:39:27 - [INFO] - Exiting find_delta_neutral_arbitrage_opportunities in MatchingEngine.py
2024-04-02 16:39:27 - [INFO] - Entering find_most_profitable_opportunity in checkProfitability.py
2024-04-02 16:39:27 - [INFO] - Exiting find_most_profitable_opportunity in checkProfitability.py
2024-04-02 16:39:27 - [INFO] - Entering execute_trades in MasterPositionController.py
2024-04-02 16:39:27 - [INFO] - Entering is_already_position_open in MasterPositionController.py
2024-04-02 16:39:28 - [INFO] - Exiting is_already_position_open in MasterPositionController.py
2024-04-02 16:39:28 - [INFO] - Entering get_trade_size in MasterPositionController.py
2024-04-02 16:39:28 - [INFO] - Entering get_available_collateral_by_exchange in MasterPositionController.py
2024-04-02 16:39:28 - [INFO] - Exiting get_available_collateral_by_exchange in MasterPositionController.py
2024-04-02 16:39:28 - [INFO] - Exiting get_trade_size in MasterPositionController.py
2024-04-02 16:39:28 - [INFO] - Entering execute_trade in BinancePositionController.py
2024-04-02 16:39:28 - [INFO] - Entering get_full_asset_name in globalUtils.py
2024-04-02 16:39:28 - [INFO] - Exiting get_full_asset_name in globalUtils.py
2024-04-02 16:39:28 - [INFO] - Entering get_asset_amount_for_given_dollar_amount in globalUtils.py
2024-04-02 16:39:28 - [INFO] - Entering get_asset_price in globalUtils.py
2024-04-02 16:39:28 - [INFO] - Exiting get_asset_price in globalUtils.py
2024-04-02 16:39:28 - [INFO] - Exiting get_asset_amount_for_given_dollar_amount in globalUtils.py
2024-04-02 16:39:28 - [INFO] - Entering adjust_trade_size_for_direction in globalUtils.py
2024-04-02 16:39:28 - [INFO] - Exiting adjust_trade_size_for_direction in globalUtils.py
2024-04-02 16:39:32 - [INFO] - Exiting execute_trade in BinancePositionController.py
2024-04-02 16:39:32 - [INFO] - Entering execute_trade in SynthetixPositionController.py
2024-04-02 16:39:33 - [INFO] - Entering get_full_asset_name in globalUtils.py
2024-04-02 16:39:33 - [INFO] - Exiting get_full_asset_name in globalUtils.py
2024-04-02 16:39:33 - [INFO] - Entering get_asset_amount_for_given_dollar_amount in globalUtils.py
2024-04-02 16:39:33 - [INFO] - Entering get_asset_price in globalUtils.py
2024-04-02 16:39:33 - [INFO] - Exiting get_asset_price in globalUtils.py
2024-04-02 16:39:33 - [INFO] - Exiting get_asset_amount_for_given_dollar_amount in globalUtils.py
2024-04-02 16:39:33 - [INFO] - Entering adjust_trade_size_for_direction in globalUtils.py
2024-04-02 16:39:33 - [INFO] - Exiting adjust_trade_size_for_direction in globalUtils.py
2024-04-02 16:39:34 - [INFO] - Entering is_transaction_hash in SynthetixPositionControllerUtils.py
2024-04-02 16:39:34 - [INFO] - Exiting is_transaction_hash in SynthetixPositionControllerUtils.py
2024-04-02 16:39:44 - [INFO] - Entering __init__ in SynthetixPositionController.py
2024-04-02 16:39:47 - [INFO] - Exiting __init__ in SynthetixPositionController.py
2024-04-02 16:39:47 - [INFO] - Entering __init__ in BinancePositionController.py
2024-04-02 16:39:47 - [INFO] - Exiting __init__ in BinancePositionController.py
2024-04-02 16:39:47 - [INFO] - Entering close_all_positions in MasterPositionController.py
2024-04-02 16:39:48 - [INFO] - Entering is_transaction_hash in SynthetixPositionControllerUtils.py
2024-04-02 16:39:48 - [INFO] - Exiting is_transaction_hash in SynthetixPositionControllerUtils.py
2024-04-02 16:39:54 - [INFO] - Exiting close_all_positions in MasterPositionController.py
2024-04-02 17:04:43 - [INFO] - Entering __init__ in SynthetixPositionController.py
2024-04-02 17:04:46 - [INFO] - Exiting __init__ in SynthetixPositionController.py
2024-04-02 17:04:46 - [INFO] - Entering __init__ in BinancePositionController.py
2024-04-02 17:04:46 - [INFO] - Exiting __init__ in BinancePositionController.py
2024-04-02 17:04:46 - [INFO] - Entering close_all_positions in MasterPositionController.py
2024-04-02 17:04:47 - [INFO] - Exiting close_all_positions in MasterPositionController.py
2024-04-02 17:12:15 - [INFO] - Entering __init__ in SynthetixPositionController.py
2024-04-02 17:12:18 - [INFO] - Exiting __init__ in SynthetixPositionController.py
2024-04-02 17:12:18 - [INFO] - Entering __init__ in BinancePositionController.py
2024-04-02 17:12:18 - [INFO] - Exiting __init__ in BinancePositionController.py
2024-04-02 17:12:18 - [INFO] - Entering close_all_positions in MasterPositionController.py
2024-04-02 17:12:20 - [INFO] - Exiting close_all_positions in MasterPositionController.py
2024-04-03 13:18:06 - [INFO] - Entering filter_exchanges_and_tokens in MasterCaller.py
2024-04-03 13:18:06 - [INFO] - Exiting filter_exchanges_and_tokens in MasterCaller.py
2024-04-03 13:18:06 - [INFO] - Entering search_for_opportunities in main_class.py
2024-04-03 13:18:06 - [INFO] - Entering get_funding_rates in MasterCaller.py
2024-04-03 13:18:06 - [INFO] - Entering get_funding_rates in SynthetixCaller.py
2024-04-03 13:18:07 - [INFO] - Entering _filter_market_data in SynthetixCaller.py
2024-04-03 13:18:07 - [INFO] - Exiting _filter_market_data in SynthetixCaller.py
2024-04-03 13:18:07 - [INFO] - Exiting get_funding_rates in SynthetixCaller.py
2024-04-03 13:18:07 - [INFO] - Entering get_funding_rates in binanceCaller.py
2024-04-03 13:18:07 - [INFO] - Entering _fetch_funding_rate_for_symbol in binanceCaller.py
2024-04-03 13:18:08 - [INFO] - Exiting _fetch_funding_rate_for_symbol in binanceCaller.py
2024-04-03 13:18:08 - [INFO] - Entering _parse_funding_rate_data in binanceCaller.py
2024-04-03 13:18:08 - [INFO] - Exiting _parse_funding_rate_data in binanceCaller.py
2024-04-03 13:18:08 - [INFO] - Entering _fetch_funding_rate_for_symbol in binanceCaller.py
2024-04-03 13:18:08 - [INFO] - Exiting _fetch_funding_rate_for_symbol in binanceCaller.py
2024-04-03 13:18:08 - [INFO] - Entering _parse_funding_rate_data in binanceCaller.py
2024-04-03 13:18:08 - [INFO] - Exiting _parse_funding_rate_data in binanceCaller.py
2024-04-03 13:18:08 - [INFO] - Exiting get_funding_rates in binanceCaller.py
2024-04-03 13:18:08 - [INFO] - Exiting get_funding_rates in MasterCaller.py
2024-04-03 13:18:08 - [INFO] - Entering find_delta_neutral_arbitrage_opportunities in MatchingEngine.py
2024-04-03 13:18:08 - [INFO] - Entering normalize_symbol in globalUtils.py
2024-04-03 13:18:08 - [INFO] - Exiting normalize_symbol in globalUtils.py
2024-04-03 13:18:08 - [INFO] - Entering normalize_symbol in globalUtils.py
2024-04-03 13:18:08 - [INFO] - Exiting normalize_symbol in globalUtils.py
2024-04-03 13:18:08 - [INFO] - Entering normalize_symbol in globalUtils.py
2024-04-03 13:18:08 - [INFO] - Exiting normalize_symbol in globalUtils.py
2024-04-03 13:18:08 - [INFO] - Entering normalize_symbol in globalUtils.py
2024-04-03 13:18:08 - [INFO] - Exiting normalize_symbol in globalUtils.py
2024-04-03 13:18:08 - [INFO] - Entering find_arbitrage_opportunities_for_symbol in MatchingEngine.py
2024-04-03 13:18:08 - [INFO] - Entering normalize_symbol in globalUtils.py
2024-04-03 13:18:08 - [INFO] - Exiting normalize_symbol in globalUtils.py
2024-04-03 13:18:08 - [INFO] - Exiting find_arbitrage_opportunities_for_symbol in MatchingEngine.py
2024-04-03 13:18:08 - [INFO] - Entering find_arbitrage_opportunities_for_symbol in MatchingEngine.py
2024-04-03 13:18:08 - [INFO] - Entering normalize_symbol in globalUtils.py
2024-04-03 13:18:08 - [INFO] - Exiting normalize_symbol in globalUtils.py
2024-04-03 13:18:08 - [INFO] - Exiting find_arbitrage_opportunities_for_symbol in MatchingEngine.py
2024-04-03 13:18:08 - [INFO] - Exiting find_delta_neutral_arbitrage_opportunities in MatchingEngine.py
2024-04-03 13:18:08 - [INFO] - Exiting search_for_opportunities in main_class.py
2024-04-03 13:28:27 - [INFO] - Entering filter_exchanges_and_tokens in MasterCaller.py
2024-04-03 13:28:27 - [INFO] - Exiting filter_exchanges_and_tokens in MasterCaller.py
2024-04-03 13:28:27 - [INFO] - Entering search_for_opportunities in main_class.py
2024-04-03 13:28:27 - [INFO] - Entering get_funding_rates in MasterCaller.py
2024-04-03 13:28:27 - [INFO] - Entering get_funding_rates in SynthetixCaller.py
2024-04-03 13:28:28 - [INFO] - Entering _filter_market_data in SynthetixCaller.py
2024-04-03 13:28:28 - [INFO] - Exiting _filter_market_data in SynthetixCaller.py
2024-04-03 13:28:28 - [INFO] - Exiting get_funding_rates in SynthetixCaller.py
2024-04-03 13:28:28 - [INFO] - Entering get_funding_rates in binanceCaller.py
2024-04-03 13:28:28 - [INFO] - Entering _fetch_funding_rate_for_symbol in binanceCaller.py
2024-04-03 13:28:30 - [INFO] - Exiting _fetch_funding_rate_for_symbol in binanceCaller.py
2024-04-03 13:28:30 - [INFO] - Entering _parse_funding_rate_data in binanceCaller.py
2024-04-03 13:28:30 - [INFO] - Exiting _parse_funding_rate_data in binanceCaller.py
2024-04-03 13:28:30 - [INFO] - Entering _fetch_funding_rate_for_symbol in binanceCaller.py
2024-04-03 13:28:30 - [INFO] - Exiting _fetch_funding_rate_for_symbol in binanceCaller.py
2024-04-03 13:28:30 - [INFO] - Entering _parse_funding_rate_data in binanceCaller.py
2024-04-03 13:28:30 - [INFO] - Exiting _parse_funding_rate_data in binanceCaller.py
2024-04-03 13:28:30 - [INFO] - Exiting get_funding_rates in binanceCaller.py
2024-04-03 13:28:30 - [INFO] - Exiting get_funding_rates in MasterCaller.py
2024-04-03 13:28:30 - [INFO] - Entering find_delta_neutral_arbitrage_opportunities in MatchingEngine.py
2024-04-03 13:28:30 - [INFO] - Entering normalize_symbol in globalUtils.py
2024-04-03 13:28:30 - [INFO] - Exiting normalize_symbol in globalUtils.py
2024-04-03 13:28:30 - [INFO] - Entering normalize_symbol in globalUtils.py
2024-04-03 13:28:30 - [INFO] - Exiting normalize_symbol in globalUtils.py
2024-04-03 13:28:30 - [INFO] - Entering normalize_symbol in globalUtils.py
2024-04-03 13:28:30 - [INFO] - Exiting normalize_symbol in globalUtils.py
2024-04-03 13:28:30 - [INFO] - Entering normalize_symbol in globalUtils.py
2024-04-03 13:28:30 - [INFO] - Exiting normalize_symbol in globalUtils.py
2024-04-03 13:28:30 - [INFO] - Entering find_arbitrage_opportunities_for_symbol in MatchingEngine.py
2024-04-03 13:28:30 - [INFO] - Entering normalize_symbol in globalUtils.py
2024-04-03 13:28:30 - [INFO] - Exiting normalize_symbol in globalUtils.py
2024-04-03 13:28:30 - [INFO] - Entering normalize_symbol in globalUtils.py
2024-04-03 13:28:30 - [INFO] - Exiting normalize_symbol in globalUtils.py
2024-04-03 13:28:30 - [INFO] - Exiting find_arbitrage_opportunities_for_symbol in MatchingEngine.py
2024-04-03 13:28:30 - [INFO] - Entering find_arbitrage_opportunities_for_symbol in MatchingEngine.py
2024-04-03 13:28:30 - [INFO] - Entering normalize_symbol in globalUtils.py
2024-04-03 13:28:30 - [INFO] - Exiting normalize_symbol in globalUtils.py
2024-04-03 13:28:30 - [INFO] - Entering normalize_symbol in globalUtils.py
2024-04-03 13:28:30 - [INFO] - Exiting normalize_symbol in globalUtils.py
2024-04-03 13:28:30 - [INFO] - Exiting find_arbitrage_opportunities_for_symbol in MatchingEngine.py
2024-04-03 13:28:30 - [INFO] - Exiting find_delta_neutral_arbitrage_opportunities in MatchingEngine.py
2024-04-03 13:28:30 - [INFO] - Exiting search_for_opportunities in main_class.py
2024-04-03 13:33:58 - [INFO] - Entering filter_exchanges_and_tokens in MasterCaller.py
2024-04-03 13:33:58 - [INFO] - Exiting filter_exchanges_and_tokens in MasterCaller.py
2024-04-03 13:33:58 - [INFO] - Entering search_for_opportunities in main_class.py
2024-04-03 13:33:58 - [INFO] - Entering get_funding_rates in MasterCaller.py
2024-04-03 13:33:58 - [INFO] - Entering get_funding_rates in SynthetixCaller.py
2024-04-03 13:33:59 - [INFO] - Entering _filter_market_data in SynthetixCaller.py
2024-04-03 13:33:59 - [INFO] - Exiting _filter_market_data in SynthetixCaller.py
2024-04-03 13:33:59 - [INFO] - Exiting get_funding_rates in SynthetixCaller.py
2024-04-03 13:33:59 - [INFO] - Entering get_funding_rates in binanceCaller.py
2024-04-03 13:33:59 - [INFO] - Entering _fetch_funding_rate_for_symbol in binanceCaller.py
2024-04-03 13:34:01 - [INFO] - Exiting _fetch_funding_rate_for_symbol in binanceCaller.py
2024-04-03 13:34:01 - [INFO] - Entering _parse_funding_rate_data in binanceCaller.py
2024-04-03 13:34:01 - [INFO] - Exiting _parse_funding_rate_data in binanceCaller.py
2024-04-03 13:34:01 - [INFO] - Entering _fetch_funding_rate_for_symbol in binanceCaller.py
2024-04-03 13:34:01 - [INFO] - Exiting _fetch_funding_rate_for_symbol in binanceCaller.py
2024-04-03 13:34:01 - [INFO] - Entering _parse_funding_rate_data in binanceCaller.py
2024-04-03 13:34:01 - [INFO] - Exiting _parse_funding_rate_data in binanceCaller.py
2024-04-03 13:34:01 - [INFO] - Exiting get_funding_rates in binanceCaller.py
2024-04-03 13:34:01 - [INFO] - Exiting get_funding_rates in MasterCaller.py
2024-04-03 13:34:01 - [INFO] - Entering find_delta_neutral_arbitrage_opportunities in MatchingEngine.py
2024-04-03 13:34:01 - [INFO] - Entering normalize_symbol in globalUtils.py
2024-04-03 13:34:01 - [INFO] - Exiting normalize_symbol in globalUtils.py
2024-04-03 13:34:01 - [INFO] - Entering normalize_symbol in globalUtils.py
2024-04-03 13:34:01 - [INFO] - Exiting normalize_symbol in globalUtils.py
2024-04-03 13:34:01 - [INFO] - Entering normalize_symbol in globalUtils.py
2024-04-03 13:34:01 - [INFO] - Exiting normalize_symbol in globalUtils.py
2024-04-03 13:34:01 - [INFO] - Entering normalize_symbol in globalUtils.py
2024-04-03 13:34:01 - [INFO] - Exiting normalize_symbol in globalUtils.py
2024-04-03 13:34:01 - [INFO] - Entering find_arbitrage_opportunities_for_symbol in MatchingEngine.py
2024-04-03 13:34:01 - [INFO] - Entering normalize_symbol in globalUtils.py
2024-04-03 13:34:01 - [INFO] - Exiting normalize_symbol in globalUtils.py
2024-04-03 13:34:01 - [INFO] - Entering normalize_symbol in globalUtils.py
2024-04-03 13:34:01 - [INFO] - Exiting normalize_symbol in globalUtils.py
2024-04-03 13:34:01 - [INFO] - Exiting find_arbitrage_opportunities_for_symbol in MatchingEngine.py
2024-04-03 13:34:01 - [INFO] - Entering find_arbitrage_opportunities_for_symbol in MatchingEngine.py
2024-04-03 13:34:01 - [INFO] - Entering normalize_symbol in globalUtils.py
2024-04-03 13:34:01 - [INFO] - Exiting normalize_symbol in globalUtils.py
2024-04-03 13:34:01 - [INFO] - Entering normalize_symbol in globalUtils.py
2024-04-03 13:34:01 - [INFO] - Exiting normalize_symbol in globalUtils.py
2024-04-03 13:34:01 - [INFO] - Exiting find_arbitrage_opportunities_for_symbol in MatchingEngine.py
2024-04-03 13:34:01 - [INFO] - Exiting find_delta_neutral_arbitrage_opportunities in MatchingEngine.py
2024-04-03 13:34:01 - [INFO] - Entering find_most_profitable_opportunity in checkProfitability.py
2024-04-03 13:34:01 - [INFO] - Exiting search_for_opportunities in main_class.py
2024-04-03 13:46:38 - [INFO] - Entering filter_exchanges_and_tokens in MasterCaller.py
2024-04-03 13:46:38 - [INFO] - Exiting filter_exchanges_and_tokens in MasterCaller.py
2024-04-03 13:46:38 - [INFO] - Entering search_for_opportunities in main_class.py
2024-04-03 13:46:38 - [INFO] - Entering get_funding_rates in MasterCaller.py
2024-04-03 13:46:38 - [INFO] - Entering get_funding_rates in SynthetixCaller.py
2024-04-03 13:46:41 - [INFO] - Entering _filter_market_data in SynthetixCaller.py
2024-04-03 13:46:41 - [INFO] - Exiting _filter_market_data in SynthetixCaller.py
2024-04-03 13:46:41 - [INFO] - Exiting get_funding_rates in SynthetixCaller.py
2024-04-03 13:46:41 - [INFO] - Entering get_funding_rates in binanceCaller.py
2024-04-03 13:46:41 - [INFO] - Entering _fetch_funding_rate_for_symbol in binanceCaller.py
2024-04-03 13:46:42 - [INFO] - Exiting _fetch_funding_rate_for_symbol in binanceCaller.py
2024-04-03 13:46:42 - [INFO] - Entering _parse_funding_rate_data in binanceCaller.py
2024-04-03 13:46:42 - [INFO] - Exiting _parse_funding_rate_data in binanceCaller.py
2024-04-03 13:46:42 - [INFO] - Entering _fetch_funding_rate_for_symbol in binanceCaller.py
2024-04-03 13:46:43 - [INFO] - Exiting _fetch_funding_rate_for_symbol in binanceCaller.py
2024-04-03 13:46:43 - [INFO] - Entering _parse_funding_rate_data in binanceCaller.py
2024-04-03 13:46:43 - [INFO] - Exiting _parse_funding_rate_data in binanceCaller.py
2024-04-03 13:46:43 - [INFO] - Exiting get_funding_rates in binanceCaller.py
2024-04-03 13:46:43 - [INFO] - Exiting get_funding_rates in MasterCaller.py
2024-04-03 13:46:43 - [INFO] - Entering find_delta_neutral_arbitrage_opportunities in MatchingEngine.py
2024-04-03 13:46:43 - [INFO] - Entering normalize_symbol in globalUtils.py
2024-04-03 13:46:43 - [INFO] - Exiting normalize_symbol in globalUtils.py
2024-04-03 13:46:43 - [INFO] - Entering normalize_symbol in globalUtils.py
2024-04-03 13:46:43 - [INFO] - Exiting normalize_symbol in globalUtils.py
2024-04-03 13:46:43 - [INFO] - Entering normalize_symbol in globalUtils.py
2024-04-03 13:46:43 - [INFO] - Exiting normalize_symbol in globalUtils.py
2024-04-03 13:46:43 - [INFO] - Entering normalize_symbol in globalUtils.py
2024-04-03 13:46:43 - [INFO] - Exiting normalize_symbol in globalUtils.py
2024-04-03 13:46:43 - [INFO] - Entering find_arbitrage_opportunities_for_symbol in MatchingEngine.py
2024-04-03 13:46:43 - [INFO] - Entering normalize_symbol in globalUtils.py
2024-04-03 13:46:43 - [INFO] - Exiting normalize_symbol in globalUtils.py
2024-04-03 13:46:43 - [INFO] - Entering normalize_symbol in globalUtils.py
2024-04-03 13:46:43 - [INFO] - Exiting normalize_symbol in globalUtils.py
2024-04-03 13:46:43 - [INFO] - Exiting find_arbitrage_opportunities_for_symbol in MatchingEngine.py
2024-04-03 13:46:43 - [INFO] - Entering find_arbitrage_opportunities_for_symbol in MatchingEngine.py
2024-04-03 13:46:43 - [INFO] - Entering normalize_symbol in globalUtils.py
2024-04-03 13:46:43 - [INFO] - Exiting normalize_symbol in globalUtils.py
2024-04-03 13:46:43 - [INFO] - Entering normalize_symbol in globalUtils.py
2024-04-03 13:46:43 - [INFO] - Exiting normalize_symbol in globalUtils.py
2024-04-03 13:46:43 - [INFO] - Exiting find_arbitrage_opportunities_for_symbol in MatchingEngine.py
2024-04-03 13:46:43 - [INFO] - Exiting find_delta_neutral_arbitrage_opportunities in MatchingEngine.py
2024-04-03 13:46:43 - [INFO] - Entering find_most_profitable_opportunity in checkProfitability.py
2024-04-03 13:46:43 - [INFO] - Exiting find_most_profitable_opportunity in checkProfitability.py
2024-04-03 13:46:43 - [INFO] - Exiting search_for_opportunities in main_class.py
2024-04-03 13:52:39 - [INFO] - Entering filter_exchanges_and_tokens in MasterCaller.py
2024-04-03 13:52:39 - [INFO] - Exiting filter_exchanges_and_tokens in MasterCaller.py
2024-04-03 13:52:39 - [INFO] - Entering start_search in main_class.py
2024-04-03 13:52:39 - [INFO] - Entering search_for_opportunities in main_class.py
2024-04-03 13:52:39 - [INFO] - Entering get_funding_rates in MasterCaller.py
2024-04-03 13:52:39 - [INFO] - Entering get_funding_rates in SynthetixCaller.py
2024-04-03 13:52:40 - [INFO] - Entering _filter_market_data in SynthetixCaller.py
2024-04-03 13:52:40 - [INFO] - Exiting _filter_market_data in SynthetixCaller.py
2024-04-03 13:52:40 - [INFO] - Exiting get_funding_rates in SynthetixCaller.py
2024-04-03 13:52:40 - [INFO] - Entering get_funding_rates in binanceCaller.py
2024-04-03 13:52:40 - [INFO] - Entering _fetch_funding_rate_for_symbol in binanceCaller.py
2024-04-03 13:52:42 - [INFO] - Exiting _fetch_funding_rate_for_symbol in binanceCaller.py
2024-04-03 13:52:42 - [INFO] - Entering _parse_funding_rate_data in binanceCaller.py
2024-04-03 13:52:42 - [INFO] - Exiting _parse_funding_rate_data in binanceCaller.py
2024-04-03 13:52:42 - [INFO] - Entering _fetch_funding_rate_for_symbol in binanceCaller.py
2024-04-03 13:52:42 - [INFO] - Exiting _fetch_funding_rate_for_symbol in binanceCaller.py
2024-04-03 13:52:42 - [INFO] - Entering _parse_funding_rate_data in binanceCaller.py
2024-04-03 13:52:42 - [INFO] - Exiting _parse_funding_rate_data in binanceCaller.py
2024-04-03 13:52:42 - [INFO] - Exiting get_funding_rates in binanceCaller.py
2024-04-03 13:52:42 - [INFO] - Exiting get_funding_rates in MasterCaller.py
2024-04-03 13:52:42 - [INFO] - Entering find_delta_neutral_arbitrage_opportunities in MatchingEngine.py
2024-04-03 13:52:42 - [INFO] - Entering normalize_symbol in globalUtils.py
2024-04-03 13:52:42 - [INFO] - Exiting normalize_symbol in globalUtils.py
2024-04-03 13:52:42 - [INFO] - Entering normalize_symbol in globalUtils.py
2024-04-03 13:52:42 - [INFO] - Exiting normalize_symbol in globalUtils.py
2024-04-03 13:52:42 - [INFO] - Entering normalize_symbol in globalUtils.py
2024-04-03 13:52:42 - [INFO] - Exiting normalize_symbol in globalUtils.py
2024-04-03 13:52:42 - [INFO] - Entering normalize_symbol in globalUtils.py
2024-04-03 13:52:42 - [INFO] - Exiting normalize_symbol in globalUtils.py
2024-04-03 13:52:42 - [INFO] - Entering find_arbitrage_opportunities_for_symbol in MatchingEngine.py
2024-04-03 13:52:42 - [INFO] - Entering normalize_symbol in globalUtils.py
2024-04-03 13:52:42 - [INFO] - Exiting normalize_symbol in globalUtils.py
2024-04-03 13:52:42 - [INFO] - Entering normalize_symbol in globalUtils.py
2024-04-03 13:52:42 - [INFO] - Exiting normalize_symbol in globalUtils.py
2024-04-03 13:52:42 - [INFO] - Exiting find_arbitrage_opportunities_for_symbol in MatchingEngine.py
2024-04-03 13:52:42 - [INFO] - Entering find_arbitrage_opportunities_for_symbol in MatchingEngine.py
2024-04-03 13:52:42 - [INFO] - Entering normalize_symbol in globalUtils.py
2024-04-03 13:52:42 - [INFO] - Exiting normalize_symbol in globalUtils.py
2024-04-03 13:52:42 - [INFO] - Entering normalize_symbol in globalUtils.py
2024-04-03 13:52:42 - [INFO] - Exiting normalize_symbol in globalUtils.py
2024-04-03 13:52:42 - [INFO] - Exiting find_arbitrage_opportunities_for_symbol in MatchingEngine.py
2024-04-03 13:52:42 - [INFO] - Exiting find_delta_neutral_arbitrage_opportunities in MatchingEngine.py
2024-04-03 13:52:42 - [INFO] - Entering find_most_profitable_opportunity in checkProfitability.py
2024-04-03 13:52:42 - [INFO] - Exiting find_most_profitable_opportunity in checkProfitability.py
2024-04-03 13:52:42 - [INFO] - Exiting search_for_opportunities in main_class.py
2024-04-03 13:52:42 - [INFO] - Exiting start_search in main_class.py
2024-04-03 13:53:12 - [INFO] - Entering start_search in main_class.py
2024-04-03 13:53:12 - [INFO] - Entering search_for_opportunities in main_class.py
2024-04-03 13:53:12 - [INFO] - Entering get_funding_rates in MasterCaller.py
2024-04-03 13:53:12 - [INFO] - Entering get_funding_rates in SynthetixCaller.py
2024-04-03 13:53:14 - [INFO] - Entering _filter_market_data in SynthetixCaller.py
2024-04-03 13:53:14 - [INFO] - Exiting _filter_market_data in SynthetixCaller.py
2024-04-03 13:53:14 - [INFO] - Exiting get_funding_rates in SynthetixCaller.py
2024-04-03 13:53:14 - [INFO] - Entering get_funding_rates in binanceCaller.py
2024-04-03 13:53:14 - [INFO] - Entering _fetch_funding_rate_for_symbol in binanceCaller.py
2024-04-03 13:53:14 - [INFO] - Exiting _fetch_funding_rate_for_symbol in binanceCaller.py
2024-04-03 13:53:14 - [INFO] - Entering _parse_funding_rate_data in binanceCaller.py
2024-04-03 13:53:14 - [INFO] - Exiting _parse_funding_rate_data in binanceCaller.py
2024-04-03 13:53:14 - [INFO] - Entering _fetch_funding_rate_for_symbol in binanceCaller.py
2024-04-03 13:53:14 - [INFO] - Exiting _fetch_funding_rate_for_symbol in binanceCaller.py
2024-04-03 13:53:14 - [INFO] - Entering _parse_funding_rate_data in binanceCaller.py
2024-04-03 13:53:14 - [INFO] - Exiting _parse_funding_rate_data in binanceCaller.py
2024-04-03 13:53:14 - [INFO] - Exiting get_funding_rates in binanceCaller.py
2024-04-03 13:53:14 - [INFO] - Exiting get_funding_rates in MasterCaller.py
2024-04-03 13:53:14 - [INFO] - Entering find_delta_neutral_arbitrage_opportunities in MatchingEngine.py
2024-04-03 13:53:14 - [INFO] - Entering normalize_symbol in globalUtils.py
2024-04-03 13:53:14 - [INFO] - Exiting normalize_symbol in globalUtils.py
2024-04-03 13:53:14 - [INFO] - Entering normalize_symbol in globalUtils.py
2024-04-03 13:53:14 - [INFO] - Exiting normalize_symbol in globalUtils.py
2024-04-03 13:53:14 - [INFO] - Entering normalize_symbol in globalUtils.py
2024-04-03 13:53:14 - [INFO] - Exiting normalize_symbol in globalUtils.py
2024-04-03 13:53:14 - [INFO] - Entering normalize_symbol in globalUtils.py
2024-04-03 13:53:14 - [INFO] - Exiting normalize_symbol in globalUtils.py
2024-04-03 13:53:14 - [INFO] - Entering find_arbitrage_opportunities_for_symbol in MatchingEngine.py
2024-04-03 13:53:14 - [INFO] - Entering normalize_symbol in globalUtils.py
2024-04-03 13:53:14 - [INFO] - Exiting normalize_symbol in globalUtils.py
2024-04-03 13:53:14 - [INFO] - Entering normalize_symbol in globalUtils.py
2024-04-03 13:53:14 - [INFO] - Exiting normalize_symbol in globalUtils.py
2024-04-03 13:53:14 - [INFO] - Exiting find_arbitrage_opportunities_for_symbol in MatchingEngine.py
2024-04-03 13:53:14 - [INFO] - Entering find_arbitrage_opportunities_for_symbol in MatchingEngine.py
2024-04-03 13:53:14 - [INFO] - Entering normalize_symbol in globalUtils.py
2024-04-03 13:53:14 - [INFO] - Exiting normalize_symbol in globalUtils.py
2024-04-03 13:53:14 - [INFO] - Entering normalize_symbol in globalUtils.py
2024-04-03 13:53:14 - [INFO] - Exiting normalize_symbol in globalUtils.py
2024-04-03 13:53:14 - [INFO] - Exiting find_arbitrage_opportunities_for_symbol in MatchingEngine.py
2024-04-03 13:53:14 - [INFO] - Exiting find_delta_neutral_arbitrage_opportunities in MatchingEngine.py
2024-04-03 13:53:14 - [INFO] - Entering find_most_profitable_opportunity in checkProfitability.py
2024-04-03 13:53:14 - [INFO] - Exiting find_most_profitable_opportunity in checkProfitability.py
2024-04-03 13:53:14 - [INFO] - Exiting search_for_opportunities in main_class.py
2024-04-03 13:53:14 - [INFO] - Exiting start_search in main_class.py
